Using pre-set license
Built from '2020.3/release' branch; Version is '2020.3.1f1 (77a89f25062f) revision 7841951'; Using compiler version '192528614'; Build Type 'Release'
OS: 'Windows 10 Home Single Language; OS build 19044.1766; Version 2009; 64bit' Language: 'pt' Physical Memory: 8082 MB
BatchMode: 1, IsHumanControllingUs: 0, StartBugReporterOnCrash: 0, Is64bit: 1, IsPro: 0

 COMMAND LINE ARGUMENTS:
D:\Pasta de Programas\Unity\Editor\2020.3.1f1\Editor\Unity.exe
-adb2
-batchMode
-noUpm
-name
AssetImportWorker0
-projectPath
C:/Users/raiss/OneDrive/Documentos/TCC/TCC/AeD
-logFile
Logs/AssetImportWorker0.log
-srvPort
61832
Successfully changed project path to: C:/Users/raiss/OneDrive/Documentos/TCC/TCC/AeD
C:/Users/raiss/OneDrive/Documentos/TCC/TCC/AeD
Using Asset Import Pipeline V2.
Refreshing native plugins compatible for Editor in 143.03 ms, found 1 plugins.
Preloading 0 native plugins for Editor in 0.00 ms.
Initialize engine version: 2020.3.1f1 (77a89f25062f)
[Subsystems] Discovering subsystems at path D:/Pasta de Programas/Unity/Editor/2020.3.1f1/Editor/Data/Resources/UnitySubsystems
[Subsystems] Discovering subsystems at path C:/Users/raiss/OneDrive/Documentos/TCC/TCC/AeD/Assets
GfxDevice: creating device client; threaded=0
Direct3D:
    Version:  Direct3D 11.0 [level 11.1]
    Renderer: Intel(R) HD Graphics 520 (ID=0x1916)
    Vendor:   
    VRAM:     4041 MB
    Driver:   26.20.100.7212
Initialize mono
Mono path[0] = 'D:/Pasta de Programas/Unity/Editor/2020.3.1f1/Editor/Data/Managed'
Mono path[1] = 'D:/Pasta de Programas/Unity/Editor/2020.3.1f1/Editor/Data/MonoBleedingEdge/lib/mono/unityjit'
Mono config path = 'D:/Pasta de Programas/Unity/Editor/2020.3.1f1/Editor/Data/MonoBleedingEdge/etc'
Using monoOptions --debugger-agent=transport=dt_socket,embedding=1,server=y,suspend=n,address=127.0.0.1:56948
Begin MonoManager ReloadAssembly
Registering precompiled unity dll's ...
Register platform support module: D:/Pasta de Programas/Unity/Editor/2020.3.1f1/Editor/Data/PlaybackEngines/WindowsStandaloneSupport/UnityEditor.WindowsStandalone.Extensions.dll
Registered in 0.030584 seconds.
Native extension for WindowsStandalone target not found
Refreshing native plugins compatible for Editor in 106.19 ms, found 1 plugins.
Preloading 0 native plugins for Editor in 0.00 ms.
Invoked RoslynAnalysisRunner static constructor.
RoslynAnalysisRunner will not be running.
RoslynAnalysisRunner has terminated.
Mono: successfully reloaded assembly
- Completed reload, in 16.389 seconds
Platform modules already initialized, skipping
Registering precompiled user dll's ...
Registered in 0.010127 seconds.
Begin MonoManager ReloadAssembly
Native extension for WindowsStandalone target not found
Refreshing native plugins compatible for Editor in 100.33 ms, found 1 plugins.
Preloading 0 native plugins for Editor in 0.00 ms.
Invoked RoslynAnalysisRunner static constructor.
RoslynAnalysisRunner will not be running.
RoslynAnalysisRunner has terminated.
Mono: successfully reloaded assembly
- Completed reload, in  3.711 seconds
Platform modules already initialized, skipping
========================================================================
Worker process is ready to serve import requests
Launched and connected shader compiler UnityShaderCompiler.exe after 0.40 seconds
Refreshing native plugins compatible for Editor in 0.75 ms, found 1 plugins.
Preloading 0 native plugins for Editor in 0.00 ms.
Unloading 1885 Unused Serialized files (Serialized files now loaded: 0)
System memory in use before: 88.5 MB.
System memory in use after: 88.5 MB.

Unloading 24 unused Assets to reduce memory usage. Loaded Objects now: 2330.
Total: 6.871400 ms (FindLiveObjects: 0.496600 ms CreateObjectMapping: 0.150800 ms MarkObjects: 5.973400 ms  DeleteObjects: 0.246600 ms)

========================================================================
Received Prepare
Registering precompiled user dll's ...
Registered in 0.003487 seconds.
Begin MonoManager ReloadAssembly
Native extension for WindowsStandalone target not found
Refreshing native plugins compatible for Editor in 1.11 ms, found 1 plugins.
Preloading 0 native plugins for Editor in 0.00 ms.
Invoked RoslynAnalysisRunner static constructor.
RoslynAnalysisRunner will not be running.
RoslynAnalysisRunner has terminated.
Mono: successfully reloaded assembly
- Completed reload, in  2.003 seconds
Platform modules already initialized, skipping
Refreshing native plugins compatible for Editor in 0.69 ms, found 1 plugins.
Preloading 0 native plugins for Editor in 0.00 ms.
Unloading 1867 Unused Serialized files (Serialized files now loaded: 0)
System memory in use before: 87.5 MB.
System memory in use after: 87.5 MB.

Unloading 12 unused Assets to reduce memory usage. Loaded Objects now: 2334.
Total: 4.107700 ms (FindLiveObjects: 0.408100 ms CreateObjectMapping: 0.173500 ms MarkObjects: 3.351700 ms  DeleteObjects: 0.170900 ms)

========================================================================
Received Import Request.
  path: Assets/scripts/morteinimigo2.cs
  artifactKey: Guid(f28a9710b3edd7845a25655c366a0f6b) Importer(815301076,1909f56bfc062723c751e8b465ee728b)
Start importing Assets/scripts/morteinimigo2.cs using Guid(f28a9710b3edd7845a25655c366a0f6b) Importer(815301076,1909f56bfc062723c751e8b465ee728b)  -> (artifact id: '3761cbebe732519a7b3f91b89177eb05') in 0.239138 seconds
  Import took 0.245882 seconds .

========================================================================
Received Prepare
Registering precompiled user dll's ...
Registered in 0.008498 seconds.
Begin MonoManager ReloadAssembly
Native extension for WindowsStandalone target not found
Refreshing native plugins compatible for Editor in 0.90 ms, found 1 plugins.
Preloading 0 native plugins for Editor in 0.00 ms.
Invoked RoslynAnalysisRunner static constructor.
RoslynAnalysisRunner will not be running.
RoslynAnalysisRunner has terminated.
Mono: successfully reloaded assembly
- Completed reload, in  2.257 seconds
Platform modules already initialized, skipping
Refreshing native plugins compatible for Editor in 0.68 ms, found 1 plugins.
Preloading 0 native plugins for Editor in 0.00 ms.
Unloading 1867 Unused Serialized files (Serialized files now loaded: 0)
System memory in use before: 87.5 MB.
System memory in use after: 87.5 MB.

Unloading 12 unused Assets to reduce memory usage. Loaded Objects now: 2338.
Total: 7.112300 ms (FindLiveObjects: 0.570100 ms CreateObjectMapping: 0.287800 ms MarkObjects: 5.940600 ms  DeleteObjects: 0.309500 ms)

========================================================================
Received Prepare
Registering precompiled user dll's ...
Registered in 0.024487 seconds.
Begin MonoManager ReloadAssembly
Native extension for WindowsStandalone target not found
Refreshing native plugins compatible for Editor in 0.67 ms, found 1 plugins.
Preloading 0 native plugins for Editor in 0.00 ms.
Invoked RoslynAnalysisRunner static constructor.
RoslynAnalysisRunner will not be running.
RoslynAnalysisRunner has terminated.
Mono: successfully reloaded assembly
- Completed reload, in  2.450 seconds
Platform modules already initialized, skipping
Refreshing native plugins compatible for Editor in 0.63 ms, found 1 plugins.
Preloading 0 native plugins for Editor in 0.00 ms.
Unloading 1867 Unused Serialized files (Serialized files now loaded: 0)
System memory in use before: 87.5 MB.
System memory in use after: 87.5 MB.

Unloading 12 unused Assets to reduce memory usage. Loaded Objects now: 2342.
Total: 5.695700 ms (FindLiveObjects: 0.726500 ms CreateObjectMapping: 0.243200 ms MarkObjects: 4.363500 ms  DeleteObjects: 0.357600 ms)

========================================================================
Received Prepare
Registering precompiled user dll's ...
Registered in 0.003872 seconds.
Begin MonoManager ReloadAssembly
Native extension for WindowsStandalone target not found
Refreshing native plugins compatible for Editor in 0.65 ms, found 1 plugins.
Preloading 0 native plugins for Editor in 0.00 ms.
Invoked RoslynAnalysisRunner static constructor.
RoslynAnalysisRunner will not be running.
RoslynAnalysisRunner has terminated.
Mono: successfully reloaded assembly
- Completed reload, in  2.040 seconds
Platform modules already initialized, skipping
Refreshing native plugins compatible for Editor in 1.30 ms, found 1 plugins.
Preloading 0 native plugins for Editor in 0.00 ms.
Unloading 1867 Unused Serialized files (Serialized files now loaded: 0)
System memory in use before: 87.6 MB.
System memory in use after: 87.5 MB.

Unloading 12 unused Assets to reduce memory usage. Loaded Objects now: 2346.
Total: 5.506800 ms (FindLiveObjects: 0.801000 ms CreateObjectMapping: 0.443800 ms MarkObjects: 3.994600 ms  DeleteObjects: 0.263500 ms)

========================================================================
Received Prepare
Registering precompiled user dll's ...
Registered in 0.004377 seconds.
Begin MonoManager ReloadAssembly
Native extension for WindowsStandalone target not found
Refreshing native plugins compatible for Editor in 0.92 ms, found 1 plugins.
Preloading 0 native plugins for Editor in 0.00 ms.
Invoked RoslynAnalysisRunner static constructor.
RoslynAnalysisRunner will not be running.
RoslynAnalysisRunner has terminated.
Mono: successfully reloaded assembly
- Completed reload, in  1.941 seconds
Platform modules already initialized, skipping
Refreshing native plugins compatible for Editor in 0.99 ms, found 1 plugins.
Preloading 0 native plugins for Editor in 0.00 ms.
Unloading 1867 Unused Serialized files (Serialized files now loaded: 0)
System memory in use before: 87.6 MB.
System memory in use after: 87.6 MB.

Unloading 12 unused Assets to reduce memory usage. Loaded Objects now: 2350.
Total: 6.205000 ms (FindLiveObjects: 0.876600 ms CreateObjectMapping: 0.292100 ms MarkObjects: 4.706100 ms  DeleteObjects: 0.324800 ms)

========================================================================
Received Prepare
Registering precompiled user dll's ...
Registered in 0.002562 seconds.
Begin MonoManager ReloadAssembly
Native extension for WindowsStandalone target not found
Refreshing native plugins compatible for Editor in 2.04 ms, found 1 plugins.
Preloading 0 native plugins for Editor in 0.00 ms.
Invoked RoslynAnalysisRunner static constructor.
RoslynAnalysisRunner will not be running.
RoslynAnalysisRunner has terminated.
Mono: successfully reloaded assembly
- Completed reload, in  3.004 seconds
Platform modules already initialized, skipping
Refreshing native plugins compatible for Editor in 0.66 ms, found 1 plugins.
Preloading 0 native plugins for Editor in 0.00 ms.
Unloading 1867 Unused Serialized files (Serialized files now loaded: 0)
System memory in use before: 87.6 MB.
System memory in use after: 87.6 MB.

Unloading 12 unused Assets to reduce memory usage. Loaded Objects now: 2354.
Total: 5.612600 ms (FindLiveObjects: 0.306500 ms CreateObjectMapping: 0.138200 ms MarkObjects: 4.686900 ms  DeleteObjects: 0.478600 ms)

========================================================================
Received Prepare
Registering precompiled user dll's ...
Registered in 0.003132 seconds.
Begin MonoManager ReloadAssembly
Native extension for WindowsStandalone target not found
Refreshing native plugins compatible for Editor in 0.82 ms, found 1 plugins.
Preloading 0 native plugins for Editor in 0.00 ms.
Invoked RoslynAnalysisRunner static constructor.
RoslynAnalysisRunner will not be running.
RoslynAnalysisRunner has terminated.
Mono: successfully reloaded assembly
- Completed reload, in  3.477 seconds
Platform modules already initialized, skipping
Refreshing native plugins compatible for Editor in 0.76 ms, found 1 plugins.
Preloading 0 native plugins for Editor in 0.00 ms.
Unloading 1867 Unused Serialized files (Serialized files now loaded: 0)
System memory in use before: 87.6 MB.
System memory in use after: 87.6 MB.

Unloading 12 unused Assets to reduce memory usage. Loaded Objects now: 2358.
Total: 4.061000 ms (FindLiveObjects: 0.520900 ms CreateObjectMapping: 0.162900 ms MarkObjects: 3.188700 ms  DeleteObjects: 0.185100 ms)

========================================================================
Received Prepare
Registering precompiled user dll's ...
Registered in 0.004216 seconds.
Begin MonoManager ReloadAssembly
Native extension for WindowsStandalone target not found
Refreshing native plugins compatible for Editor in 1.19 ms, found 1 plugins.
Preloading 0 native plugins for Editor in 0.00 ms.
Invoked RoslynAnalysisRunner static constructor.
RoslynAnalysisRunner will not be running.
RoslynAnalysisRunner has terminated.
Mono: successfully reloaded assembly
- Completed reload, in  2.231 seconds
Platform modules already initialized, skipping
Refreshing native plugins compatible for Editor in 0.76 ms, found 1 plugins.
Preloading 0 native plugins for Editor in 0.00 ms.
Unloading 1867 Unused Serialized files (Serialized files now loaded: 0)
System memory in use before: 87.6 MB.
System memory in use after: 87.6 MB.

Unloading 12 unused Assets to reduce memory usage. Loaded Objects now: 2362.
Total: 6.671100 ms (FindLiveObjects: 0.614400 ms CreateObjectMapping: 0.428300 ms MarkObjects: 5.431200 ms  DeleteObjects: 0.191000 ms)

========================================================================
Received Prepare
Registering precompiled user dll's ...
Registered in 0.013780 seconds.
Begin MonoManager ReloadAssembly
Native extension for WindowsStandalone target not found
Refreshing native plugins compatible for Editor in 1.07 ms, found 1 plugins.
Preloading 0 native plugins for Editor in 0.00 ms.
Invoked RoslynAnalysisRunner static constructor.
RoslynAnalysisRunner will not be running.
RoslynAnalysisRunner has terminated.
Mono: successfully reloaded assembly
- Completed reload, in  2.037 seconds
Platform modules already initialized, skipping
Refreshing native plugins compatible for Editor in 0.85 ms, found 1 plugins.
Preloading 0 native plugins for Editor in 0.00 ms.
Unloading 1867 Unused Serialized files (Serialized files now loaded: 0)
System memory in use before: 87.6 MB.
System memory in use after: 87.6 MB.

Unloading 12 unused Assets to reduce memory usage. Loaded Objects now: 2366.
Total: 4.751300 ms (FindLiveObjects: 0.534100 ms CreateObjectMapping: 0.239500 ms MarkObjects: 3.645600 ms  DeleteObjects: 0.327800 ms)

========================================================================
Received Prepare
Registering precompiled user dll's ...
Registered in 0.002296 seconds.
Begin MonoManager ReloadAssembly
Native extension for WindowsStandalone target not found
Refreshing native plugins compatible for Editor in 0.66 ms, found 1 plugins.
Preloading 0 native plugins for Editor in 0.00 ms.
Invoked RoslynAnalysisRunner static constructor.
RoslynAnalysisRunner will not be running.
RoslynAnalysisRunner has terminated.
Mono: successfully reloaded assembly
- Completed reload, in  2.199 seconds
Platform modules already initialized, skipping
Refreshing native plugins compatible for Editor in 0.68 ms, found 1 plugins.
Preloading 0 native plugins for Editor in 0.00 ms.
Unloading 1867 Unused Serialized files (Serialized files now loaded: 0)
System memory in use before: 87.6 MB.
System memory in use after: 87.6 MB.

Unloading 12 unused Assets to reduce memory usage. Loaded Objects now: 2370.
Total: 4.544300 ms (FindLiveObjects: 0.418800 ms CreateObjectMapping: 0.178300 ms MarkObjects: 3.723900 ms  DeleteObjects: 0.221000 ms)

========================================================================
Received Prepare
Registering precompiled user dll's ...
Registered in 0.003314 seconds.
Begin MonoManager ReloadAssembly
Native extension for WindowsStandalone target not found
Refreshing native plugins compatible for Editor in 0.88 ms, found 1 plugins.
Preloading 0 native plugins for Editor in 0.00 ms.
Invoked RoslynAnalysisRunner static constructor.
RoslynAnalysisRunner will not be running.
RoslynAnalysisRunner has terminated.
Mono: successfully reloaded assembly
- Completed reload, in  3.562 seconds
Platform modules already initialized, skipping
Refreshing native plugins compatible for Editor in 0.70 ms, found 1 plugins.
Preloading 0 native plugins for Editor in 0.00 ms.
Unloading 1867 Unused Serialized files (Serialized files now loaded: 0)
System memory in use before: 87.6 MB.
System memory in use after: 87.6 MB.

Unloading 12 unused Assets to reduce memory usage. Loaded Objects now: 2374.
Total: 4.207200 ms (FindLiveObjects: 0.606300 ms CreateObjectMapping: 0.196400 ms MarkObjects: 3.217400 ms  DeleteObjects: 0.184400 ms)

========================================================================
Received Prepare
Registering precompiled user dll's ...
Registered in 0.008541 seconds.
Begin MonoManager ReloadAssembly
Native extension for WindowsStandalone target not found
Refreshing native plugins compatible for Editor in 0.71 ms, found 1 plugins.
Preloading 0 native plugins for Editor in 0.00 ms.
Invoked RoslynAnalysisRunner static constructor.
RoslynAnalysisRunner will not be running.
RoslynAnalysisRunner has terminated.
Mono: successfully reloaded assembly
- Completed reload, in  2.138 seconds
Platform modules already initialized, skipping
Refreshing native plugins compatible for Editor in 0.94 ms, found 1 plugins.
Preloading 0 native plugins for Editor in 0.00 ms.
Unloading 1867 Unused Serialized files (Serialized files now loaded: 0)
System memory in use before: 87.6 MB.
System memory in use after: 87.6 MB.

Unloading 12 unused Assets to reduce memory usage. Loaded Objects now: 2378.
Total: 6.706700 ms (FindLiveObjects: 0.688200 ms CreateObjectMapping: 0.265500 ms MarkObjects: 5.350400 ms  DeleteObjects: 0.397700 ms)

========================================================================
Received Prepare
Registering precompiled user dll's ...
Registered in 0.002407 seconds.
Begin MonoManager ReloadAssembly
Native extension for WindowsStandalone target not found
Refreshing native plugins compatible for Editor in 0.85 ms, found 1 plugins.
Preloading 0 native plugins for Editor in 0.00 ms.
Invoked RoslynAnalysisRunner static constructor.
RoslynAnalysisRunner will not be running.
RoslynAnalysisRunner has terminated.
Mono: successfully reloaded assembly
- Completed reload, in  1.802 seconds
Platform modules already initialized, skipping
Refreshing native plugins compatible for Editor in 0.67 ms, found 1 plugins.
Preloading 0 native plugins for Editor in 0.00 ms.
Unloading 1867 Unused Serialized files (Serialized files now loaded: 0)
System memory in use before: 87.6 MB.
System memory in use after: 87.6 MB.

Unloading 12 unused Assets to reduce memory usage. Loaded Objects now: 2382.
Total: 4.043500 ms (FindLiveObjects: 0.395400 ms CreateObjectMapping: 0.132600 ms MarkObjects: 3.328800 ms  DeleteObjects: 0.183800 ms)

========================================================================
Received Prepare
Registering precompiled user dll's ...
Registered in 0.003813 seconds.
Begin MonoManager ReloadAssembly
Native extension for WindowsStandalone target not found
Refreshing native plugins compatible for Editor in 2.39 ms, found 1 plugins.
Preloading 0 native plugins for Editor in 0.00 ms.
Invoked RoslynAnalysisRunner static constructor.
RoslynAnalysisRunner will not be running.
RoslynAnalysisRunner has terminated.
Mono: successfully reloaded assembly
- Completed reload, in  5.518 seconds
Platform modules already initialized, skipping
Refreshing native plugins compatible for Editor in 0.76 ms, found 1 plugins.
Preloading 0 native plugins for Editor in 0.00 ms.
Unloading 1867 Unused Serialized files (Serialized files now loaded: 0)
System memory in use before: 87.6 MB.
System memory in use after: 87.6 MB.

Unloading 12 unused Assets to reduce memory usage. Loaded Objects now: 2386.
Total: 5.139400 ms (FindLiveObjects: 0.473200 ms CreateObjectMapping: 0.208500 ms MarkObjects: 4.166900 ms  DeleteObjects: 0.286300 ms)

========================================================================
Received Prepare
Registering precompiled user dll's ...
Registered in 0.002508 seconds.
Begin MonoManager ReloadAssembly
Native extension for WindowsStandalone target not found
Refreshing native plugins compatible for Editor in 1.03 ms, found 1 plugins.
Preloading 0 native plugins for Editor in 0.00 ms.
Invoked RoslynAnalysisRunner static constructor.
RoslynAnalysisRunner will not be running.
RoslynAnalysisRunner has terminated.
Mono: successfully reloaded assembly
- Completed reload, in  2.199 seconds
Platform modules already initialized, skipping
Refreshing native plugins compatible for Editor in 0.85 ms, found 1 plugins.
Preloading 0 native plugins for Editor in 0.00 ms.
Unloading 1867 Unused Serialized files (Serialized files now loaded: 0)
System memory in use before: 87.7 MB.
System memory in use after: 87.6 MB.

Unloading 12 unused Assets to reduce memory usage. Loaded Objects now: 2390.
Total: 4.959900 ms (FindLiveObjects: 0.429000 ms CreateObjectMapping: 0.159000 ms MarkObjects: 4.090600 ms  DeleteObjects: 0.277500 ms)

========================================================================
Received Prepare
Registering precompiled user dll's ...
Registered in 0.003044 seconds.
Begin MonoManager ReloadAssembly
Native extension for WindowsStandalone target not found
Refreshing native plugins compatible for Editor in 0.94 ms, found 1 plugins.
Preloading 0 native plugins for Editor in 0.00 ms.
Invoked RoslynAnalysisRunner static constructor.
RoslynAnalysisRunner will not be running.
RoslynAnalysisRunner has terminated.
Mono: successfully reloaded assembly
- Completed reload, in  2.221 seconds
Platform modules already initialized, skipping
Refreshing native plugins compatible for Editor in 0.78 ms, found 1 plugins.
Preloading 0 native plugins for Editor in 0.00 ms.
Unloading 1867 Unused Serialized files (Serialized files now loaded: 0)
System memory in use before: 87.7 MB.
System memory in use after: 87.7 MB.

Unloading 12 unused Assets to reduce memory usage. Loaded Objects now: 2394.
Total: 4.909400 ms (FindLiveObjects: 0.654000 ms CreateObjectMapping: 0.461700 ms MarkObjects: 3.600500 ms  DeleteObjects: 0.189700 ms)

========================================================================
Received Prepare
Registering precompiled user dll's ...
Registered in 0.002474 seconds.
Begin MonoManager ReloadAssembly
Native extension for WindowsStandalone target not found
Refreshing native plugins compatible for Editor in 2.17 ms, found 1 plugins.
Preloading 0 native plugins for Editor in 0.00 ms.
Invoked RoslynAnalysisRunner static constructor.
RoslynAnalysisRunner will not be running.
RoslynAnalysisRunner has terminated.
Mono: successfully reloaded assembly
- Completed reload, in  4.185 seconds
Platform modules already initialized, skipping
Refreshing native plugins compatible for Editor in 0.78 ms, found 1 plugins.
Preloading 0 native plugins for Editor in 0.00 ms.
Unloading 1867 Unused Serialized files (Serialized files now loaded: 0)
System memory in use before: 87.7 MB.
System memory in use after: 87.7 MB.

Unloading 12 unused Assets to reduce memory usage. Loaded Objects now: 2398.
Total: 7.565700 ms (FindLiveObjects: 0.531800 ms CreateObjectMapping: 0.446200 ms MarkObjects: 6.240500 ms  DeleteObjects: 0.343500 ms)

========================================================================
Received Import Request.
  Time since last request: 2223.330089 seconds.
  path: ProjectSettings/TagManager.asset
  artifactKey: Guid(00000000000000003000000000000000) Importer(815301076,1909f56bfc062723c751e8b465ee728b)
Start importing ProjectSettings/TagManager.asset using Guid(00000000000000003000000000000000) Importer(815301076,1909f56bfc062723c751e8b465ee728b)  -> (artifact id: 'd95355563fffa0161f354259dc598847') in 0.142243 seconds
  Import took 0.160083 seconds .

========================================================================
Received Prepare
Registering precompiled user dll's ...
Registered in 0.005489 seconds.
Begin MonoManager ReloadAssembly
Native extension for WindowsStandalone target not found
Refreshing native plugins compatible for Editor in 1.29 ms, found 1 plugins.
Preloading 0 native plugins for Editor in 0.00 ms.
Invoked RoslynAnalysisRunner static constructor.
RoslynAnalysisRunner will not be running.
RoslynAnalysisRunner has terminated.
Mono: successfully reloaded assembly
- Completed reload, in  2.392 seconds
Platform modules already initialized, skipping
Refreshing native plugins compatible for Editor in 1.20 ms, found 1 plugins.
Preloading 0 native plugins for Editor in 0.00 ms.
Unloading 1867 Unused Serialized files (Serialized files now loaded: 0)
System memory in use before: 87.7 MB.
System memory in use after: 87.7 MB.

Unloading 13 unused Assets to reduce memory usage. Loaded Objects now: 2402.
Total: 11.627600 ms (FindLiveObjects: 1.797600 ms CreateObjectMapping: 0.966200 ms MarkObjects: 8.512600 ms  DeleteObjects: 0.344800 ms)

========================================================================
Received Prepare
Registering precompiled user dll's ...
Registered in 0.002992 seconds.
Begin MonoManager ReloadAssembly
Native extension for WindowsStandalone target not found
Refreshing native plugins compatible for Editor in 0.68 ms, found 1 plugins.
Preloading 0 native plugins for Editor in 0.00 ms.
Invoked RoslynAnalysisRunner static constructor.
RoslynAnalysisRunner will not be running.
RoslynAnalysisRunner has terminated.
Mono: successfully reloaded assembly
- Completed reload, in  2.099 seconds
Platform modules already initialized, skipping
Refreshing native plugins compatible for Editor in 1.04 ms, found 1 plugins.
Preloading 0 native plugins for Editor in 0.00 ms.
Unloading 1867 Unused Serialized files (Serialized files now loaded: 0)
System memory in use before: 87.7 MB.
System memory in use after: 87.7 MB.

Unloading 12 unused Assets to reduce memory usage. Loaded Objects now: 2406.
Total: 4.145000 ms (FindLiveObjects: 0.568700 ms CreateObjectMapping: 0.189300 ms MarkObjects: 3.070300 ms  DeleteObjects: 0.313100 ms)

========================================================================
Received Prepare
Registering precompiled user dll's ...
Registered in 0.002504 seconds.
Begin MonoManager ReloadAssembly
Native extension for WindowsStandalone target not found
Refreshing native plugins compatible for Editor in 0.78 ms, found 1 plugins.
Preloading 0 native plugins for Editor in 0.00 ms.
Invoked RoslynAnalysisRunner static constructor.
RoslynAnalysisRunner will not be running.
RoslynAnalysisRunner has terminated.
Mono: successfully reloaded assembly
- Completed reload, in  1.943 seconds
Platform modules already initialized, skipping
Refreshing native plugins compatible for Editor in 0.71 ms, found 1 plugins.
Preloading 0 native plugins for Editor in 0.00 ms.
Unloading 1867 Unused Serialized files (Serialized files now loaded: 0)
System memory in use before: 87.7 MB.
System memory in use after: 87.7 MB.

Unloading 12 unused Assets to reduce memory usage. Loaded Objects now: 2410.
Total: 4.866800 ms (FindLiveObjects: 0.301400 ms CreateObjectMapping: 0.119900 ms MarkObjects: 3.709500 ms  DeleteObjects: 0.733200 ms)

========================================================================
Received Prepare
Registering precompiled user dll's ...
Registered in 0.003221 seconds.
Begin MonoManager ReloadAssembly
Native extension for WindowsStandalone target not found
Refreshing native plugins compatible for Editor in 0.84 ms, found 1 plugins.
Preloading 0 native plugins for Editor in 0.00 ms.
Invoked RoslynAnalysisRunner static constructor.
RoslynAnalysisRunner will not be running.
RoslynAnalysisRunner has terminated.
Mono: successfully reloaded assembly
- Completed reload, in  1.869 seconds
Platform modules already initialized, skipping
Refreshing native plugins compatible for Editor in 0.88 ms, found 1 plugins.
Preloading 0 native plugins for Editor in 0.00 ms.
Unloading 1867 Unused Serialized files (Serialized files now loaded: 0)
System memory in use before: 87.7 MB.
System memory in use after: 87.7 MB.

Unloading 12 unused Assets to reduce memory usage. Loaded Objects now: 2414.
Total: 5.747200 ms (FindLiveObjects: 0.542800 ms CreateObjectMapping: 0.422600 ms MarkObjects: 3.901900 ms  DeleteObjects: 0.875500 ms)

========================================================================
Received Import Request.
  Time since last request: 776.727196 seconds.
  path: Assets/scripts/morteinimigo3.cs
  artifactKey: Guid(f78ed7ffeeafca149a910a3df529fc25) Importer(815301076,1909f56bfc062723c751e8b465ee728b)
Start importing Assets/scripts/morteinimigo3.cs using Guid(f78ed7ffeeafca149a910a3df529fc25) Importer(815301076,1909f56bfc062723c751e8b465ee728b)  -> (artifact id: 'b858d064001cb986f73109dd7da4365e') in 0.015323 seconds
  Import took 0.030241 seconds .

========================================================================
Received Import Request.
  Time since last request: 7.222776 seconds.
  path: Assets/scripts/morteinimigo4.cs
  artifactKey: Guid(0874072f78b85dd4a8420431344c3256) Importer(815301076,1909f56bfc062723c751e8b465ee728b)
Start importing Assets/scripts/morteinimigo4.cs using Guid(0874072f78b85dd4a8420431344c3256) Importer(815301076,1909f56bfc062723c751e8b465ee728b)  -> (artifact id: 'd0e3be64f77ced0f66ed58b8aebb2eae') in 0.037026 seconds
  Import took 0.076087 seconds .

========================================================================
Received Import Request.
  Time since last request: 0.002243 seconds.
  path: Assets/scripts/morteinimigo4.cs
  artifactKey: Guid(0874072f78b85dd4a8420431344c3256) Importer(815301076,1909f56bfc062723c751e8b465ee728b)
Start importing Assets/scripts/morteinimigo4.cs using Guid(0874072f78b85dd4a8420431344c3256) Importer(815301076,1909f56bfc062723c751e8b465ee728b)  -> (artifact id: 'd0e3be64f77ced0f66ed58b8aebb2eae') in 0.010031 seconds
  Import took 0.124419 seconds .

========================================================================
Received Prepare
Registering precompiled user dll's ...
Registered in 0.005310 seconds.
Begin MonoManager ReloadAssembly
Native extension for WindowsStandalone target not found
Refreshing native plugins compatible for Editor in 0.65 ms, found 1 plugins.
Preloading 0 native plugins for Editor in 0.00 ms.
Invoked RoslynAnalysisRunner static constructor.
RoslynAnalysisRunner will not be running.
RoslynAnalysisRunner has terminated.
Mono: successfully reloaded assembly
- Completed reload, in  1.752 seconds
Platform modules already initialized, skipping
Refreshing native plugins compatible for Editor in 0.75 ms, found 1 plugins.
Preloading 0 native plugins for Editor in 0.00 ms.
Unloading 1868 Unused Serialized files (Serialized files now loaded: 0)
System memory in use before: 87.7 MB.
System memory in use after: 87.7 MB.

Unloading 12 unused Assets to reduce memory usage. Loaded Objects now: 2419.
Total: 4.038200 ms (FindLiveObjects: 0.517600 ms CreateObjectMapping: 0.148600 ms MarkObjects: 3.184000 ms  DeleteObjects: 0.184800 ms)

========================================================================
Received Import Request.
  Time since last request: 65.021840 seconds.
  path: Assets/scripts/morteinimigo4.cs
  artifactKey: Guid(0874072f78b85dd4a8420431344c3256) Importer(815301076,1909f56bfc062723c751e8b465ee728b)
Start importing Assets/scripts/morteinimigo4.cs using Guid(0874072f78b85dd4a8420431344c3256) Importer(815301076,1909f56bfc062723c751e8b465ee728b)  -> (artifact id: 'cc8a5a8cd00ddf0e01d229e3dcc68ae6') in 0.013521 seconds
  Import took 0.028612 seconds .

========================================================================
Received Prepare
Registering precompiled user dll's ...
Registered in 0.003458 seconds.
Begin MonoManager ReloadAssembly
Native extension for WindowsStandalone target not found
Refreshing native plugins compatible for Editor in 1.85 ms, found 1 plugins.
Preloading 0 native plugins for Editor in 0.00 ms.
Invoked RoslynAnalysisRunner static constructor.
RoslynAnalysisRunner will not be running.
RoslynAnalysisRunner has terminated.
Mono: successfully reloaded assembly
- Completed reload, in  3.647 seconds
Platform modules already initialized, skipping
Refreshing native plugins compatible for Editor in 0.80 ms, found 1 plugins.
Preloading 0 native plugins for Editor in 0.00 ms.
Unloading 1868 Unused Serialized files (Serialized files now loaded: 0)
System memory in use before: 87.7 MB.
System memory in use after: 87.7 MB.

Unloading 12 unused Assets to reduce memory usage. Loaded Objects now: 2423.
Total: 5.996500 ms (FindLiveObjects: 1.011900 ms CreateObjectMapping: 0.487300 ms MarkObjects: 4.307500 ms  DeleteObjects: 0.184300 ms)

========================================================================
Received Import Request.
  Time since last request: 134.293040 seconds.
  path: Assets/scripts/morteinimigo4.cs
  artifactKey: Guid(0874072f78b85dd4a8420431344c3256) Importer(815301076,1909f56bfc062723c751e8b465ee728b)
Start importing Assets/scripts/morteinimigo4.cs using Guid(0874072f78b85dd4a8420431344c3256) Importer(815301076,1909f56bfc062723c751e8b465ee728b)  -> (artifact id: '2d546d84f8ecd468ebb86c13fa560987') in 0.014302 seconds
  Import took 0.022213 seconds .

========================================================================
Received Prepare
Registering precompiled user dll's ...
Registered in 0.003204 seconds.
Begin MonoManager ReloadAssembly
Native extension for WindowsStandalone target not found
Refreshing native plugins compatible for Editor in 1.12 ms, found 1 plugins.
Preloading 0 native plugins for Editor in 0.00 ms.
Invoked RoslynAnalysisRunner static constructor.
RoslynAnalysisRunner will not be running.
RoslynAnalysisRunner has terminated.
Mono: successfully reloaded assembly
- Completed reload, in  2.698 seconds
Platform modules already initialized, skipping
Refreshing native plugins compatible for Editor in 0.71 ms, found 1 plugins.
Preloading 0 native plugins for Editor in 0.00 ms.
Unloading 1868 Unused Serialized files (Serialized files now loaded: 0)
System memory in use before: 87.8 MB.
System memory in use after: 87.8 MB.

Unloading 12 unused Assets to reduce memory usage. Loaded Objects now: 2427.
Total: 5.718400 ms (FindLiveObjects: 0.448100 ms CreateObjectMapping: 0.228500 ms MarkObjects: 4.809100 ms  DeleteObjects: 0.228700 ms)

========================================================================
Received Prepare
Registering precompiled user dll's ...
Registered in 0.009477 seconds.
Begin MonoManager ReloadAssembly
Native extension for WindowsStandalone target not found
Refreshing native plugins compatible for Editor in 0.65 ms, found 1 plugins.
Preloading 0 native plugins for Editor in 0.00 ms.
Invoked RoslynAnalysisRunner static constructor.
RoslynAnalysisRunner will not be running.
RoslynAnalysisRunner has terminated.
Mono: successfully reloaded assembly
- Completed reload, in  2.166 seconds
Platform modules already initialized, skipping
Refreshing native plugins compatible for Editor in 1.33 ms, found 1 plugins.
Preloading 0 native plugins for Editor in 0.00 ms.
Unloading 1868 Unused Serialized files (Serialized files now loaded: 0)
System memory in use before: 87.8 MB.
System memory in use after: 87.8 MB.

Unloading 12 unused Assets to reduce memory usage. Loaded Objects now: 2431.
Total: 4.672400 ms (FindLiveObjects: 0.637900 ms CreateObjectMapping: 0.218200 ms MarkObjects: 3.387100 ms  DeleteObjects: 0.425600 ms)

========================================================================
Received Prepare
Registering precompiled user dll's ...
Registered in 0.003173 seconds.
Begin MonoManager ReloadAssembly
Native extension for WindowsStandalone target not found
Refreshing native plugins compatible for Editor in 1.12 ms, found 1 plugins.
Preloading 0 native plugins for Editor in 0.00 ms.
Invoked RoslynAnalysisRunner static constructor.
RoslynAnalysisRunner will not be running.
RoslynAnalysisRunner has terminated.
Mono: successfully reloaded assembly
- Completed reload, in  2.593 seconds
Platform modules already initialized, skipping
Refreshing native plugins compatible for Editor in 0.69 ms, found 1 plugins.
Preloading 0 native plugins for Editor in 0.00 ms.
Unloading 1868 Unused Serialized files (Serialized files now loaded: 0)
System memory in use before: 87.8 MB.
System memory in use after: 87.8 MB.

Unloading 12 unused Assets to reduce memory usage. Loaded Objects now: 2435.
Total: 4.555000 ms (FindLiveObjects: 0.333500 ms CreateObjectMapping: 0.135400 ms MarkObjects: 3.065100 ms  DeleteObjects: 1.017600 ms)

========================================================================
Received Import Request.
  Time since last request: 450.214705 seconds.
  path: Assets/scripts/flyEnemy.cs
  artifactKey: Guid(3afefa567a025f64f94d3241edb1f53c) Importer(815301076,1909f56bfc062723c751e8b465ee728b)
Start importing Assets/scripts/flyEnemy.cs using Guid(3afefa567a025f64f94d3241edb1f53c) Importer(815301076,1909f56bfc062723c751e8b465ee728b)  -> (artifact id: '8fb426c8993f404f4a20ba1c33934628') in 0.013260 seconds
  Import took 0.020402 seconds .

========================================================================
Received Prepare
Registering precompiled user dll's ...
Registered in 0.003350 seconds.
Begin MonoManager ReloadAssembly
Native extension for WindowsStandalone target not found
Refreshing native plugins compatible for Editor in 0.66 ms, found 1 plugins.
Preloading 0 native plugins for Editor in 0.00 ms.
Invoked RoslynAnalysisRunner static constructor.
RoslynAnalysisRunner will not be running.
RoslynAnalysisRunner has terminated.
Mono: successfully reloaded assembly
- Completed reload, in  1.843 seconds
Platform modules already initialized, skipping
Refreshing native plugins compatible for Editor in 0.65 ms, found 1 plugins.
Preloading 0 native plugins for Editor in 0.00 ms.
Unloading 1868 Unused Serialized files (Serialized files now loaded: 0)
System memory in use before: 87.8 MB.
System memory in use after: 87.8 MB.

Unloading 12 unused Assets to reduce memory usage. Loaded Objects now: 2439.
Total: 3.881300 ms (FindLiveObjects: 0.303200 ms CreateObjectMapping: 0.127500 ms MarkObjects: 3.254300 ms  DeleteObjects: 0.193300 ms)

========================================================================
Received Import Request.
  Time since last request: 23.996657 seconds.
  path: Assets/scripts/flyEnemy.cs
  artifactKey: Guid(3afefa567a025f64f94d3241edb1f53c) Importer(815301076,1909f56bfc062723c751e8b465ee728b)
Start importing Assets/scripts/flyEnemy.cs using Guid(3afefa567a025f64f94d3241edb1f53c) Importer(815301076,1909f56bfc062723c751e8b465ee728b)  -> (artifact id: '5aa64fa9ca76cde7cbbc02bf3a7c323d') in 0.009014 seconds
  Import took 0.015869 seconds .

========================================================================
Received Prepare
Registering precompiled user dll's ...
Registered in 0.005016 seconds.
Begin MonoManager ReloadAssembly
Native extension for WindowsStandalone target not found
Refreshing native plugins compatible for Editor in 1.16 ms, found 1 plugins.
Preloading 0 native plugins for Editor in 0.00 ms.
Invoked RoslynAnalysisRunner static constructor.
RoslynAnalysisRunner will not be running.
RoslynAnalysisRunner has terminated.
Mono: successfully reloaded assembly
- Completed reload, in  3.722 seconds
Platform modules already initialized, skipping
Refreshing native plugins compatible for Editor in 0.75 ms, found 1 plugins.
Preloading 0 native plugins for Editor in 0.00 ms.
Unloading 1868 Unused Serialized files (Serialized files now loaded: 0)
System memory in use before: 87.8 MB.
System memory in use after: 87.8 MB.

Unloading 12 unused Assets to reduce memory usage. Loaded Objects now: 2443.
Total: 7.370800 ms (FindLiveObjects: 1.184900 ms CreateObjectMapping: 0.280700 ms MarkObjects: 5.596500 ms  DeleteObjects: 0.304900 ms)

========================================================================
Received Import Request.
  Time since last request: 423.702389 seconds.
  path: ProjectSettings/TagManager.asset
  artifactKey: Guid(00000000000000003000000000000000) Importer(815301076,1909f56bfc062723c751e8b465ee728b)
Start importing ProjectSettings/TagManager.asset using Guid(00000000000000003000000000000000) Importer(815301076,1909f56bfc062723c751e8b465ee728b)  -> (artifact id: '3aa7224012d6387ecbbfd8c9914a9341') in 0.035234 seconds
  Import took 0.044914 seconds .

========================================================================
Received Import Request.
  Time since last request: 0.006457 seconds.
  path: ProjectSettings/TagManager.asset
  artifactKey: Guid(00000000000000003000000000000000) Importer(815301076,1909f56bfc062723c751e8b465ee728b)
Start importing ProjectSettings/TagManager.asset using Guid(00000000000000003000000000000000) Importer(815301076,1909f56bfc062723c751e8b465ee728b)  -> (artifact id: '3aa7224012d6387ecbbfd8c9914a9341') in 0.005879 seconds
  Import took 0.013427 seconds .

========================================================================
Received Import Request.
  Time since last request: 34.294469 seconds.
  path: Assets/scripts/inimigo1.cs
  artifactKey: Guid(9bd1e61506f410845bdd0db58cdcab76) Importer(815301076,1909f56bfc062723c751e8b465ee728b)
Start importing Assets/scripts/inimigo1.cs using Guid(9bd1e61506f410845bdd0db58cdcab76) Importer(815301076,1909f56bfc062723c751e8b465ee728b)  -> (artifact id: '151b1180890cc40b6ff2b8f65a6d1cee') in 0.017124 seconds
  Import took 0.072826 seconds .

========================================================================
Received Import Request.
  Time since last request: 29.035566 seconds.
  path: Assets/scripts/inimigo4.cs
  artifactKey: Guid(9bd1e61506f410845bdd0db58cdcab76) Importer(815301076,1909f56bfc062723c751e8b465ee728b)
Start importing Assets/scripts/inimigo4.cs using Guid(9bd1e61506f410845bdd0db58cdcab76) Importer(815301076,1909f56bfc062723c751e8b465ee728b)  -> (artifact id: 'f4ae7071ae105889fa8158026f1d4a7d') in 0.039560 seconds
  Import took 0.087666 seconds .

========================================================================
Received Prepare
Registering precompiled user dll's ...
Registered in 0.002687 seconds.
Begin MonoManager ReloadAssembly
Native extension for WindowsStandalone target not found
Refreshing native plugins compatible for Editor in 1.14 ms, found 1 plugins.
Preloading 0 native plugins for Editor in 0.00 ms.
Invoked RoslynAnalysisRunner static constructor.
RoslynAnalysisRunner will not be running.
RoslynAnalysisRunner has terminated.
Mono: successfully reloaded assembly
- Completed reload, in  1.884 seconds
Platform modules already initialized, skipping
Refreshing native plugins compatible for Editor in 0.90 ms, found 1 plugins.
Preloading 0 native plugins for Editor in 0.00 ms.
Unloading 1869 Unused Serialized files (Serialized files now loaded: 0)
System memory in use before: 87.8 MB.
System memory in use after: 87.8 MB.

Unloading 14 unused Assets to reduce memory usage. Loaded Objects now: 2448.
Total: 5.738200 ms (FindLiveObjects: 0.457700 ms CreateObjectMapping: 0.307400 ms MarkObjects: 4.683000 ms  DeleteObjects: 0.286600 ms)

========================================================================
Received Import Request.
  Time since last request: 46.636838 seconds.
  path: Assets/scripts/inimigo4.cs
  artifactKey: Guid(9bd1e61506f410845bdd0db58cdcab76) Importer(815301076,1909f56bfc062723c751e8b465ee728b)
Start importing Assets/scripts/inimigo4.cs using Guid(9bd1e61506f410845bdd0db58cdcab76) Importer(815301076,1909f56bfc062723c751e8b465ee728b)  -> (artifact id: '3556c6276be097da1fb4f8bd253e8c06') in 0.009996 seconds
  Import took 0.018970 seconds .

========================================================================
Received Import Request.
  Time since last request: 122.351196 seconds.
  path: Assets/scripts/morteinimigo5.cs
  artifactKey: Guid(c903baff468c6cc4faa58a3a7c9eee7d) Importer(815301076,1909f56bfc062723c751e8b465ee728b)
Start importing Assets/scripts/morteinimigo5.cs using Guid(c903baff468c6cc4faa58a3a7c9eee7d) Importer(815301076,1909f56bfc062723c751e8b465ee728b)  -> (artifact id: 'fda68a22dbacb87362d2678ab1aa13f9') in 0.044809 seconds
  Import took 0.099563 seconds .

========================================================================
Received Prepare
Registering precompiled user dll's ...
Registered in 0.004599 seconds.
Begin MonoManager ReloadAssembly
Native extension for WindowsStandalone target not found
Refreshing native plugins compatible for Editor in 0.76 ms, found 1 plugins.
Preloading 0 native plugins for Editor in 0.00 ms.
Invoked RoslynAnalysisRunner static constructor.
RoslynAnalysisRunner will not be running.
RoslynAnalysisRunner has terminated.
Mono: successfully reloaded assembly
- Completed reload, in  2.065 seconds
Platform modules already initialized, skipping
Refreshing native plugins compatible for Editor in 0.84 ms, found 1 plugins.
Preloading 0 native plugins for Editor in 0.00 ms.
Unloading 1870 Unused Serialized files (Serialized files now loaded: 0)
System memory in use before: 87.9 MB.
System memory in use after: 87.8 MB.

Unloading 12 unused Assets to reduce memory usage. Loaded Objects now: 2453.
Total: 7.933900 ms (FindLiveObjects: 0.925000 ms CreateObjectMapping: 0.512500 ms MarkObjects: 6.101200 ms  DeleteObjects: 0.389800 ms)

========================================================================
Received Import Request.
  Time since last request: 84.518164 seconds.
  path: Assets/scripts/morteinimigo5.cs
  artifactKey: Guid(c903baff468c6cc4faa58a3a7c9eee7d) Importer(815301076,1909f56bfc062723c751e8b465ee728b)
Start importing Assets/scripts/morteinimigo5.cs using Guid(c903baff468c6cc4faa58a3a7c9eee7d) Importer(815301076,1909f56bfc062723c751e8b465ee728b)  -> (artifact id: '413ed0e7945e786fea6d8433063a87b9') in 0.030136 seconds
  Import took 0.053207 seconds .

========================================================================
Received Prepare
Registering precompiled user dll's ...
Registered in 0.006028 seconds.
Begin MonoManager ReloadAssembly
Native extension for WindowsStandalone target not found
Refreshing native plugins compatible for Editor in 0.75 ms, found 1 plugins.
Preloading 0 native plugins for Editor in 0.00 ms.
Invoked RoslynAnalysisRunner static constructor.
RoslynAnalysisRunner will not be running.
RoslynAnalysisRunner has terminated.
Mono: successfully reloaded assembly
- Completed reload, in  1.914 seconds
Platform modules already initialized, skipping
Refreshing native plugins compatible for Editor in 0.73 ms, found 1 plugins.
Preloading 0 native plugins for Editor in 0.00 ms.
Unloading 1870 Unused Serialized files (Serialized files now loaded: 0)
System memory in use before: 87.9 MB.
System memory in use after: 87.9 MB.

Unloading 12 unused Assets to reduce memory usage. Loaded Objects now: 2457.
Total: 4.037500 ms (FindLiveObjects: 0.390300 ms CreateObjectMapping: 0.206900 ms MarkObjects: 3.260800 ms  DeleteObjects: 0.176800 ms)

========================================================================
Received Prepare
Registering precompiled user dll's ...
Registered in 0.002766 seconds.
Begin MonoManager ReloadAssembly
Native extension for WindowsStandalone target not found
Refreshing native plugins compatible for Editor in 0.70 ms, found 1 plugins.
Preloading 0 native plugins for Editor in 0.00 ms.
Invoked RoslynAnalysisRunner static constructor.
RoslynAnalysisRunner will not be running.
RoslynAnalysisRunner has terminated.
Mono: successfully reloaded assembly
- Completed reload, in  1.935 seconds
Platform modules already initialized, skipping
Refreshing native plugins compatible for Editor in 0.77 ms, found 1 plugins.
Preloading 0 native plugins for Editor in 0.00 ms.
Unloading 1870 Unused Serialized files (Serialized files now loaded: 0)
System memory in use before: 87.9 MB.
System memory in use after: 87.9 MB.

Unloading 12 unused Assets to reduce memory usage. Loaded Objects now: 2461.
Total: 4.005300 ms (FindLiveObjects: 0.309800 ms CreateObjectMapping: 0.132800 ms MarkObjects: 3.294200 ms  DeleteObjects: 0.265200 ms)

========================================================================
Received Prepare
Registering precompiled user dll's ...
Registered in 0.002867 seconds.
Begin MonoManager ReloadAssembly
Native extension for WindowsStandalone target not found
Refreshing native plugins compatible for Editor in 13.95 ms, found 1 plugins.
Preloading 0 native plugins for Editor in 0.00 ms.
Invoked RoslynAnalysisRunner static constructor.
RoslynAnalysisRunner will not be running.
RoslynAnalysisRunner has terminated.
Mono: successfully reloaded assembly
- Completed reload, in  2.342 seconds
Platform modules already initialized, skipping
Refreshing native plugins compatible for Editor in 0.81 ms, found 1 plugins.
Preloading 0 native plugins for Editor in 0.00 ms.
Unloading 1870 Unused Serialized files (Serialized files now loaded: 0)
System memory in use before: 87.9 MB.
System memory in use after: 87.9 MB.

Unloading 12 unused Assets to reduce memory usage. Loaded Objects now: 2465.
Total: 7.926200 ms (FindLiveObjects: 0.751800 ms CreateObjectMapping: 0.867100 ms MarkObjects: 5.946900 ms  DeleteObjects: 0.355800 ms)

========================================================================
Received Prepare
Registering precompiled user dll's ...
Registered in 0.003230 seconds.
Begin MonoManager ReloadAssembly
Native extension for WindowsStandalone target not found
Refreshing native plugins compatible for Editor in 1.13 ms, found 1 plugins.
Preloading 0 native plugins for Editor in 0.00 ms.
Invoked RoslynAnalysisRunner static constructor.
RoslynAnalysisRunner will not be running.
RoslynAnalysisRunner has terminated.
Mono: successfully reloaded assembly
- Completed reload, in  2.562 seconds
Platform modules already initialized, skipping
Refreshing native plugins compatible for Editor in 3.48 ms, found 1 plugins.
Preloading 0 native plugins for Editor in 0.00 ms.
Unloading 1870 Unused Serialized files (Serialized files now loaded: 0)
System memory in use before: 87.9 MB.
System memory in use after: 87.9 MB.

Unloading 12 unused Assets to reduce memory usage. Loaded Objects now: 2469.
Total: 8.315300 ms (FindLiveObjects: 0.718000 ms CreateObjectMapping: 0.287300 ms MarkObjects: 7.008400 ms  DeleteObjects: 0.297700 ms)

========================================================================
Received Prepare
Registering precompiled user dll's ...
Registered in 0.003458 seconds.
Begin MonoManager ReloadAssembly
Native extension for WindowsStandalone target not found
Refreshing native plugins compatible for Editor in 0.79 ms, found 1 plugins.
Preloading 0 native plugins for Editor in 0.00 ms.
Invoked RoslynAnalysisRunner static constructor.
RoslynAnalysisRunner will not be running.
RoslynAnalysisRunner has terminated.
Mono: successfully reloaded assembly
- Completed reload, in  2.805 seconds
Platform modules already initialized, skipping
Refreshing native plugins compatible for Editor in 0.84 ms, found 1 plugins.
Preloading 0 native plugins for Editor in 0.00 ms.
Unloading 1870 Unused Serialized files (Serialized files now loaded: 0)
System memory in use before: 87.9 MB.
System memory in use after: 87.9 MB.

Unloading 12 unused Assets to reduce memory usage. Loaded Objects now: 2473.
Total: 4.468600 ms (FindLiveObjects: 0.516800 ms CreateObjectMapping: 0.182300 ms MarkObjects: 3.498000 ms  DeleteObjects: 0.268200 ms)

========================================================================
Received Prepare
Registering precompiled user dll's ...
Registered in 0.003182 seconds.
Begin MonoManager ReloadAssembly
Native extension for WindowsStandalone target not found
Refreshing native plugins compatible for Editor in 1.39 ms, found 1 plugins.
Preloading 0 native plugins for Editor in 0.00 ms.
Invoked RoslynAnalysisRunner static constructor.
RoslynAnalysisRunner will not be running.
RoslynAnalysisRunner has terminated.
Mono: successfully reloaded assembly
- Completed reload, in  3.974 seconds
Platform modules already initialized, skipping
Refreshing native plugins compatible for Editor in 0.81 ms, found 1 plugins.
Preloading 0 native plugins for Editor in 0.00 ms.
Unloading 1870 Unused Serialized files (Serialized files now loaded: 0)
System memory in use before: 87.9 MB.
System memory in use after: 87.9 MB.

Unloading 12 unused Assets to reduce memory usage. Loaded Objects now: 2477.
Total: 4.001800 ms (FindLiveObjects: 0.337000 ms CreateObjectMapping: 0.152300 ms MarkObjects: 3.312000 ms  DeleteObjects: 0.198000 ms)

========================================================================
Received Prepare
Registering precompiled user dll's ...
Registered in 0.004337 seconds.
Begin MonoManager ReloadAssembly
Native extension for WindowsStandalone target not found
Refreshing native plugins compatible for Editor in 0.96 ms, found 1 plugins.
Preloading 0 native plugins for Editor in 0.00 ms.
Invoked RoslynAnalysisRunner static constructor.
RoslynAnalysisRunner will not be running.
RoslynAnalysisRunner has terminated.
Mono: successfully reloaded assembly
- Completed reload, in  2.846 seconds
Platform modules already initialized, skipping
Refreshing native plugins compatible for Editor in 0.64 ms, found 1 plugins.
Preloading 0 native plugins for Editor in 0.00 ms.
Unloading 1870 Unused Serialized files (Serialized files now loaded: 0)
System memory in use before: 87.9 MB.
System memory in use after: 87.9 MB.

Unloading 12 unused Assets to reduce memory usage. Loaded Objects now: 2481.
Total: 7.129700 ms (FindLiveObjects: 0.626900 ms CreateObjectMapping: 0.668100 ms MarkObjects: 5.375700 ms  DeleteObjects: 0.453500 ms)

========================================================================
Received Prepare
Registering precompiled user dll's ...
Registered in 0.003291 seconds.
Begin MonoManager ReloadAssembly
Native extension for WindowsStandalone target not found
Refreshing native plugins compatible for Editor in 3.31 ms, found 1 plugins.
Preloading 0 native plugins for Editor in 0.00 ms.
Invoked RoslynAnalysisRunner static constructor.
RoslynAnalysisRunner will not be running.
RoslynAnalysisRunner has terminated.
Mono: successfully reloaded assembly
- Completed reload, in  2.892 seconds
Platform modules already initialized, skipping
Refreshing native plugins compatible for Editor in 1.16 ms, found 1 plugins.
Preloading 0 native plugins for Editor in 0.00 ms.
Unloading 1870 Unused Serialized files (Serialized files now loaded: 0)
System memory in use before: 87.9 MB.
System memory in use after: 87.9 MB.

Unloading 12 unused Assets to reduce memory usage. Loaded Objects now: 2485.
Total: 9.254500 ms (FindLiveObjects: 2.614900 ms CreateObjectMapping: 1.412600 ms MarkObjects: 4.935900 ms  DeleteObjects: 0.287300 ms)

========================================================================
Received Import Request.
  Time since last request: 1471.606618 seconds.
  path: ProjectSettings/TagManager.asset
  artifactKey: Guid(00000000000000003000000000000000) Importer(815301076,1909f56bfc062723c751e8b465ee728b)
Start importing ProjectSettings/TagManager.asset using Guid(00000000000000003000000000000000) Importer(815301076,1909f56bfc062723c751e8b465ee728b)  -> (artifact id: '7943b3af62263e561856f18046725c3e') in 0.030032 seconds
  Import took 0.038072 seconds .

========================================================================
Received Import Request.
  Time since last request: 0.010687 seconds.
  path: ProjectSettings/TagManager.asset
  artifactKey: Guid(00000000000000003000000000000000) Importer(815301076,1909f56bfc062723c751e8b465ee728b)
Start importing ProjectSettings/TagManager.asset using Guid(00000000000000003000000000000000) Importer(815301076,1909f56bfc062723c751e8b465ee728b)  -> (artifact id: '7943b3af62263e561856f18046725c3e') in 0.008912 seconds
  Import took 0.015514 seconds .

========================================================================
Received Import Request.
  Time since last request: 25.605658 seconds.
  path: ProjectSettings/TagManager.asset
  artifactKey: Guid(00000000000000003000000000000000) Importer(815301076,1909f56bfc062723c751e8b465ee728b)
Start importing ProjectSettings/TagManager.asset using Guid(00000000000000003000000000000000) Importer(815301076,1909f56bfc062723c751e8b465ee728b)  -> (artifact id: 'd5c6b971770bf337a66c7c7f32351caa') in 0.011422 seconds
  Import took 0.021027 seconds .

========================================================================
Received Import Request.
  Time since last request: 9.724676 seconds.
  path: Assets/scripts/flyEnemy1.cs
  artifactKey: Guid(fbd2ac7b1d8247643a310ce91e629f80) Importer(815301076,1909f56bfc062723c751e8b465ee728b)
Start importing Assets/scripts/flyEnemy1.cs using Guid(fbd2ac7b1d8247643a310ce91e629f80) Importer(815301076,1909f56bfc062723c751e8b465ee728b)  -> (artifact id: 'f053e3ae42a4d4473ff8420e9a6dbe1c') in 0.018306 seconds
  Import took 0.030941 seconds .

========================================================================
Received Import Request.
  Time since last request: 9.068701 seconds.
  path: Assets/scripts/flyEnemy2.cs
  artifactKey: Guid(fbd2ac7b1d8247643a310ce91e629f80) Importer(815301076,1909f56bfc062723c751e8b465ee728b)
Start importing Assets/scripts/flyEnemy2.cs using Guid(fbd2ac7b1d8247643a310ce91e629f80) Importer(815301076,1909f56bfc062723c751e8b465ee728b)  -> (artifact id: 'c3121ed078f24b6b0ab0d7033e292286') in 0.013606 seconds
  Import took 0.027133 seconds .

========================================================================
Received Prepare
Registering precompiled user dll's ...
Registered in 0.003116 seconds.
Begin MonoManager ReloadAssembly
Native extension for WindowsStandalone target not found
Refreshing native plugins compatible for Editor in 0.78 ms, found 1 plugins.
Preloading 0 native plugins for Editor in 0.00 ms.
Invoked RoslynAnalysisRunner static constructor.
RoslynAnalysisRunner will not be running.
RoslynAnalysisRunner has terminated.
Mono: successfully reloaded assembly
- Completed reload, in  1.976 seconds
Platform modules already initialized, skipping
Refreshing native plugins compatible for Editor in 0.76 ms, found 1 plugins.
Preloading 0 native plugins for Editor in 0.00 ms.
Unloading 1871 Unused Serialized files (Serialized files now loaded: 0)
System memory in use before: 88.0 MB.
System memory in use after: 88.0 MB.

Unloading 15 unused Assets to reduce memory usage. Loaded Objects now: 2490.
Total: 4.476700 ms (FindLiveObjects: 0.392000 ms CreateObjectMapping: 0.163400 ms MarkObjects: 3.618700 ms  DeleteObjects: 0.299800 ms)

========================================================================
Received Import Request.
  Time since last request: 41.887845 seconds.
  path: Assets/scripts/flyEnemy2.cs
  artifactKey: Guid(fbd2ac7b1d8247643a310ce91e629f80) Importer(815301076,1909f56bfc062723c751e8b465ee728b)
Start importing Assets/scripts/flyEnemy2.cs using Guid(fbd2ac7b1d8247643a310ce91e629f80) Importer(815301076,1909f56bfc062723c751e8b465ee728b)  -> (artifact id: 'f91e252752eccd97dc1a25b41323c2d5') in 0.008595 seconds
  Import took 0.015578 seconds .

========================================================================
Received Prepare
Registering precompiled user dll's ...
Registered in 0.003190 seconds.
Begin MonoManager ReloadAssembly
Native extension for WindowsStandalone target not found
Refreshing native plugins compatible for Editor in 1.66 ms, found 1 plugins.
Preloading 0 native plugins for Editor in 0.00 ms.
Invoked RoslynAnalysisRunner static constructor.
RoslynAnalysisRunner will not be running.
RoslynAnalysisRunner has terminated.
Mono: successfully reloaded assembly
- Completed reload, in  2.142 seconds
Platform modules already initialized, skipping
Refreshing native plugins compatible for Editor in 1.15 ms, found 1 plugins.
Preloading 0 native plugins for Editor in 0.00 ms.
Unloading 1871 Unused Serialized files (Serialized files now loaded: 0)
System memory in use before: 88.0 MB.
System memory in use after: 88.0 MB.

Unloading 12 unused Assets to reduce memory usage. Loaded Objects now: 2494.
Total: 4.104000 ms (FindLiveObjects: 0.619100 ms CreateObjectMapping: 0.231100 ms MarkObjects: 3.058100 ms  DeleteObjects: 0.193100 ms)

========================================================================
Received Prepare
Registering precompiled user dll's ...
Registered in 0.006424 seconds.
Begin MonoManager ReloadAssembly
Native extension for WindowsStandalone target not found
Refreshing native plugins compatible for Editor in 1.67 ms, found 1 plugins.
Preloading 0 native plugins for Editor in 0.00 ms.
Invoked RoslynAnalysisRunner static constructor.
RoslynAnalysisRunner will not be running.
RoslynAnalysisRunner has terminated.
Mono: successfully reloaded assembly
- Completed reload, in  2.052 seconds
Platform modules already initialized, skipping
Refreshing native plugins compatible for Editor in 0.84 ms, found 1 plugins.
Preloading 0 native plugins for Editor in 0.00 ms.
Unloading 1871 Unused Serialized files (Serialized files now loaded: 0)
System memory in use before: 88.0 MB.
System memory in use after: 88.0 MB.

Unloading 12 unused Assets to reduce memory usage. Loaded Objects now: 2498.
Total: 4.264700 ms (FindLiveObjects: 0.584900 ms CreateObjectMapping: 0.182300 ms MarkObjects: 3.231000 ms  DeleteObjects: 0.249400 ms)

========================================================================
Received Import Request.
  Time since last request: 311.296428 seconds.
  path: Assets/scripts/morteinimigo6.cs
  artifactKey: Guid(1e94c8fd7f1ca9b4a853300d2f0346e5) Importer(815301076,1909f56bfc062723c751e8b465ee728b)
Start importing Assets/scripts/morteinimigo6.cs using Guid(1e94c8fd7f1ca9b4a853300d2f0346e5) Importer(815301076,1909f56bfc062723c751e8b465ee728b)  -> (artifact id: 'a608cb946fb32dd1315aa4f215631225') in 0.026501 seconds
  Import took 0.040446 seconds .

========================================================================
Received Prepare
Registering precompiled user dll's ...
Registered in 0.003589 seconds.
Begin MonoManager ReloadAssembly
Native extension for WindowsStandalone target not found
Refreshing native plugins compatible for Editor in 0.70 ms, found 1 plugins.
Preloading 0 native plugins for Editor in 0.00 ms.
Invoked RoslynAnalysisRunner static constructor.
RoslynAnalysisRunner will not be running.
RoslynAnalysisRunner has terminated.
Mono: successfully reloaded assembly
- Completed reload, in  3.244 seconds
Platform modules already initialized, skipping
Refreshing native plugins compatible for Editor in 0.98 ms, found 1 plugins.
Preloading 0 native plugins for Editor in 0.00 ms.
Unloading 1872 Unused Serialized files (Serialized files now loaded: 0)
System memory in use before: 88.0 MB.
System memory in use after: 88.0 MB.

Unloading 12 unused Assets to reduce memory usage. Loaded Objects now: 2503.
Total: 4.689100 ms (FindLiveObjects: 0.489600 ms CreateObjectMapping: 0.205300 ms MarkObjects: 3.676900 ms  DeleteObjects: 0.313900 ms)

========================================================================
Received Import Request.
  Time since last request: 54.169880 seconds.
  path: Assets/scripts/morteinimigo6.cs
  artifactKey: Guid(1e94c8fd7f1ca9b4a853300d2f0346e5) Importer(815301076,1909f56bfc062723c751e8b465ee728b)
Start importing Assets/scripts/morteinimigo6.cs using Guid(1e94c8fd7f1ca9b4a853300d2f0346e5) Importer(815301076,1909f56bfc062723c751e8b465ee728b)  -> (artifact id: '6115dd2751ccbe11a260c40491ded511') in 0.008815 seconds
  Import took 0.017616 seconds .

========================================================================
Received Prepare
Registering precompiled user dll's ...
Registered in 0.002526 seconds.
Begin MonoManager ReloadAssembly
Native extension for WindowsStandalone target not found
Refreshing native plugins compatible for Editor in 0.78 ms, found 1 plugins.
Preloading 0 native plugins for Editor in 0.00 ms.
Invoked RoslynAnalysisRunner static constructor.
RoslynAnalysisRunner will not be running.
RoslynAnalysisRunner has terminated.
Mono: successfully reloaded assembly
- Completed reload, in  2.172 seconds
Platform modules already initialized, skipping
Refreshing native plugins compatible for Editor in 1.33 ms, found 1 plugins.
Preloading 0 native plugins for Editor in 0.00 ms.
Unloading 1872 Unused Serialized files (Serialized files now loaded: 0)
System memory in use before: 88.0 MB.
System memory in use after: 88.0 MB.

Unloading 12 unused Assets to reduce memory usage. Loaded Objects now: 2507.
Total: 8.612100 ms (FindLiveObjects: 0.788900 ms CreateObjectMapping: 0.572000 ms MarkObjects: 6.957600 ms  DeleteObjects: 0.289300 ms)

========================================================================
Received Prepare
Registering precompiled user dll's ...
Registered in 0.002725 seconds.
Begin MonoManager ReloadAssembly
Native extension for WindowsStandalone target not found
Refreshing native plugins compatible for Editor in 1.34 ms, found 1 plugins.
Preloading 0 native plugins for Editor in 0.00 ms.
Invoked RoslynAnalysisRunner static constructor.
RoslynAnalysisRunner will not be running.
RoslynAnalysisRunner has terminated.
Mono: successfully reloaded assembly
- Completed reload, in  2.013 seconds
Platform modules already initialized, skipping
Refreshing native plugins compatible for Editor in 0.70 ms, found 1 plugins.
Preloading 0 native plugins for Editor in 0.00 ms.
Unloading 1872 Unused Serialized files (Serialized files now loaded: 0)
System memory in use before: 88.0 MB.
System memory in use after: 88.0 MB.

Unloading 12 unused Assets to reduce memory usage. Loaded Objects now: 2511.
Total: 5.882400 ms (FindLiveObjects: 0.768100 ms CreateObjectMapping: 0.254300 ms MarkObjects: 4.631800 ms  DeleteObjects: 0.222900 ms)

========================================================================
Received Prepare
Registering precompiled user dll's ...
Registered in 0.003246 seconds.
Begin MonoManager ReloadAssembly
Native extension for WindowsStandalone target not found
Refreshing native plugins compatible for Editor in 0.85 ms, found 1 plugins.
Preloading 0 native plugins for Editor in 0.00 ms.
Invoked RoslynAnalysisRunner static constructor.
RoslynAnalysisRunner will not be running.
RoslynAnalysisRunner has terminated.
Mono: successfully reloaded assembly
- Completed reload, in  2.304 seconds
Platform modules already initialized, skipping
Refreshing native plugins compatible for Editor in 0.73 ms, found 1 plugins.
Preloading 0 native plugins for Editor in 0.00 ms.
Unloading 1872 Unused Serialized files (Serialized files now loaded: 0)
System memory in use before: 88.0 MB.
System memory in use after: 88.0 MB.

Unloading 12 unused Assets to reduce memory usage. Loaded Objects now: 2515.
Total: 5.475300 ms (FindLiveObjects: 0.624900 ms CreateObjectMapping: 0.233100 ms MarkObjects: 4.265800 ms  DeleteObjects: 0.348100 ms)

========================================================================
Received Prepare
Registering precompiled user dll's ...
Registered in 0.002934 seconds.
Begin MonoManager ReloadAssembly
Native extension for WindowsStandalone target not found
Refreshing native plugins compatible for Editor in 1.02 ms, found 1 plugins.
Preloading 0 native plugins for Editor in 0.00 ms.
Invoked RoslynAnalysisRunner static constructor.
RoslynAnalysisRunner will not be running.
RoslynAnalysisRunner has terminated.
Mono: successfully reloaded assembly
- Completed reload, in  5.196 seconds
Platform modules already initialized, skipping
Refreshing native plugins compatible for Editor in 0.85 ms, found 1 plugins.
Preloading 0 native plugins for Editor in 0.00 ms.
Unloading 1872 Unused Serialized files (Serialized files now loaded: 0)
System memory in use before: 88.0 MB.
System memory in use after: 88.0 MB.

Unloading 12 unused Assets to reduce memory usage. Loaded Objects now: 2519.
Total: 5.499800 ms (FindLiveObjects: 0.427700 ms CreateObjectMapping: 0.195900 ms MarkObjects: 4.431000 ms  DeleteObjects: 0.442300 ms)

========================================================================
Received Import Request.
  Time since last request: 534.858772 seconds.
  path: Assets/scripts/PlayerLevel2.cs
  artifactKey: Guid(931172f27115a464b9c560a55d6a681f) Importer(815301076,1909f56bfc062723c751e8b465ee728b)
Start importing Assets/scripts/PlayerLevel2.cs using Guid(931172f27115a464b9c560a55d6a681f) Importer(815301076,1909f56bfc062723c751e8b465ee728b)  -> (artifact id: 'e70a400525a01ef91e4e9bd6b500ce58') in 0.016079 seconds
  Import took 0.028105 seconds .

========================================================================
Received Import Request.
  Time since last request: 0.572084 seconds.
  path: Assets/scripts/Player.cs
  artifactKey: Guid(e8ebbaa26cfa93a4ab784c25667b0566) Importer(815301076,1909f56bfc062723c751e8b465ee728b)
Start importing Assets/scripts/Player.cs using Guid(e8ebbaa26cfa93a4ab784c25667b0566) Importer(815301076,1909f56bfc062723c751e8b465ee728b)  -> (artifact id: '1483734242f1066c07c4526f0fc25eb0') in 0.017168 seconds
  Import took 0.038442 seconds .

========================================================================
Received Prepare
Registering precompiled user dll's ...
Registered in 0.004394 seconds.
Begin MonoManager ReloadAssembly
Native extension for WindowsStandalone target not found
Refreshing native plugins compatible for Editor in 1.52 ms, found 1 plugins.
Preloading 0 native plugins for Editor in 0.00 ms.
Invoked RoslynAnalysisRunner static constructor.
RoslynAnalysisRunner will not be running.
RoslynAnalysisRunner has terminated.
Mono: successfully reloaded assembly
- Completed reload, in  2.038 seconds
Platform modules already initialized, skipping
Refreshing native plugins compatible for Editor in 0.81 ms, found 1 plugins.
Preloading 0 native plugins for Editor in 0.00 ms.
Unloading 1872 Unused Serialized files (Serialized files now loaded: 0)
System memory in use before: 88.1 MB.
System memory in use after: 88.1 MB.

Unloading 12 unused Assets to reduce memory usage. Loaded Objects now: 2523.
Total: 5.354500 ms (FindLiveObjects: 0.602800 ms CreateObjectMapping: 0.159600 ms MarkObjects: 4.305200 ms  DeleteObjects: 0.283200 ms)

========================================================================
Received Import Request.
  Time since last request: 231.057814 seconds.
  path: Assets/scripts/Player.cs
  artifactKey: Guid(e8ebbaa26cfa93a4ab784c25667b0566) Importer(815301076,1909f56bfc062723c751e8b465ee728b)
Start importing Assets/scripts/Player.cs using Guid(e8ebbaa26cfa93a4ab784c25667b0566) Importer(815301076,1909f56bfc062723c751e8b465ee728b)  -> (artifact id: 'c8e36a70825023bbd7747786d29a9d9a') in 0.012630 seconds
  Import took 0.021313 seconds .

========================================================================
Received Prepare
Registering precompiled user dll's ...
Registered in 0.002640 seconds.
Begin MonoManager ReloadAssembly
Native extension for WindowsStandalone target not found
Refreshing native plugins compatible for Editor in 0.76 ms, found 1 plugins.
Preloading 0 native plugins for Editor in 0.00 ms.
Invoked RoslynAnalysisRunner static constructor.
RoslynAnalysisRunner will not be running.
RoslynAnalysisRunner has terminated.
Mono: successfully reloaded assembly
- Completed reload, in  2.234 seconds
Platform modules already initialized, skipping
Refreshing native plugins compatible for Editor in 0.65 ms, found 1 plugins.
Preloading 0 native plugins for Editor in 0.00 ms.
Unloading 1872 Unused Serialized files (Serialized files now loaded: 0)
System memory in use before: 88.1 MB.
System memory in use after: 88.1 MB.

Unloading 12 unused Assets to reduce memory usage. Loaded Objects now: 2527.
Total: 4.054500 ms (FindLiveObjects: 0.455600 ms CreateObjectMapping: 0.170500 ms MarkObjects: 3.216500 ms  DeleteObjects: 0.209000 ms)

========================================================================
Received Prepare
Registering precompiled user dll's ...
Registered in 0.013868 seconds.
Begin MonoManager ReloadAssembly
Native extension for WindowsStandalone target not found
Refreshing native plugins compatible for Editor in 6.02 ms, found 1 plugins.
Preloading 0 native plugins for Editor in 0.00 ms.
Invoked RoslynAnalysisRunner static constructor.
RoslynAnalysisRunner will not be running.
RoslynAnalysisRunner has terminated.
Mono: successfully reloaded assembly
- Completed reload, in 10.831 seconds
Platform modules already initialized, skipping
Refreshing native plugins compatible for Editor in 0.79 ms, found 1 plugins.
Preloading 0 native plugins for Editor in 0.00 ms.
Unloading 1872 Unused Serialized files (Serialized files now loaded: 0)
System memory in use before: 88.1 MB.
System memory in use after: 88.1 MB.

Unloading 12 unused Assets to reduce memory usage. Loaded Objects now: 2531.
Total: 15.447600 ms (FindLiveObjects: 1.054500 ms CreateObjectMapping: 0.395600 ms MarkObjects: 11.682500 ms  DeleteObjects: 2.305800 ms)

========================================================================
Received Prepare
Registering precompiled user dll's ...
Registered in 0.002910 seconds.
Begin MonoManager ReloadAssembly
Native extension for WindowsStandalone target not found
Refreshing native plugins compatible for Editor in 1.27 ms, found 1 plugins.
Preloading 0 native plugins for Editor in 0.00 ms.
Invoked RoslynAnalysisRunner static constructor.
RoslynAnalysisRunner will not be running.
RoslynAnalysisRunner has terminated.
Mono: successfully reloaded assembly
- Completed reload, in  4.300 seconds
Platform modules already initialized, skipping
Refreshing native plugins compatible for Editor in 0.79 ms, found 1 plugins.
Preloading 0 native plugins for Editor in 0.00 ms.
Unloading 1872 Unused Serialized files (Serialized files now loaded: 0)
System memory in use before: 88.1 MB.
System memory in use after: 88.1 MB.

Unloading 12 unused Assets to reduce memory usage. Loaded Objects now: 2535.
Total: 5.398100 ms (FindLiveObjects: 0.369600 ms CreateObjectMapping: 0.351600 ms MarkObjects: 4.388300 ms  DeleteObjects: 0.285200 ms)

========================================================================
Received Prepare
Registering precompiled user dll's ...
Registered in 0.003242 seconds.
Begin MonoManager ReloadAssembly
Native extension for WindowsStandalone target not found
Refreshing native plugins compatible for Editor in 2.51 ms, found 1 plugins.
Preloading 0 native plugins for Editor in 0.00 ms.
Invoked RoslynAnalysisRunner static constructor.
RoslynAnalysisRunner will not be running.
RoslynAnalysisRunner has terminated.
Mono: successfully reloaded assembly
- Completed reload, in  3.101 seconds
Platform modules already initialized, skipping
Refreshing native plugins compatible for Editor in 0.87 ms, found 1 plugins.
Preloading 0 native plugins for Editor in 0.00 ms.
Unloading 1872 Unused Serialized files (Serialized files now loaded: 0)
System memory in use before: 88.1 MB.
System memory in use after: 88.1 MB.

Unloading 12 unused Assets to reduce memory usage. Loaded Objects now: 2539.
Total: 13.635100 ms (FindLiveObjects: 1.699600 ms CreateObjectMapping: 0.682400 ms MarkObjects: 10.871900 ms  DeleteObjects: 0.372500 ms)

========================================================================
Received Prepare
Registering precompiled user dll's ...
Registered in 0.004112 seconds.
Begin MonoManager ReloadAssembly
Native extension for WindowsStandalone target not found
Refreshing native plugins compatible for Editor in 0.77 ms, found 1 plugins.
Preloading 0 native plugins for Editor in 0.00 ms.
Invoked RoslynAnalysisRunner static constructor.
RoslynAnalysisRunner will not be running.
RoslynAnalysisRunner has terminated.
Mono: successfully reloaded assembly
- Completed reload, in  3.104 seconds
Platform modules already initialized, skipping
Refreshing native plugins compatible for Editor in 1.98 ms, found 1 plugins.
Preloading 0 native plugins for Editor in 0.00 ms.
Unloading 1872 Unused Serialized files (Serialized files now loaded: 0)
System memory in use before: 88.1 MB.
System memory in use after: 88.1 MB.

Unloading 12 unused Assets to reduce memory usage. Loaded Objects now: 2543.
Total: 6.662100 ms (FindLiveObjects: 1.184300 ms CreateObjectMapping: 0.279800 ms MarkObjects: 4.488500 ms  DeleteObjects: 0.705600 ms)

========================================================================
Received Import Request.
  Time since last request: 2460.822784 seconds.
  path: Assets/sprites/kenney_pixelplatformer/Characters/character_0012(1).png
  artifactKey: Guid(e2be333ecdfc8fd4a9ffa925c378b0e0) Importer(815301076,1909f56bfc062723c751e8b465ee728b)
Start importing Assets/sprites/kenney_pixelplatformer/Characters/character_0012(1).png using Guid(e2be333ecdfc8fd4a9ffa925c378b0e0) Importer(815301076,1909f56bfc062723c751e8b465ee728b)  -> (artifact id: 'e59c91835f10b42867464f62b8d42c7f') in 0.689528 seconds
  Import took 0.715358 seconds .

========================================================================
Received Import Request.
  Time since last request: 1082.528044 seconds.
  path: Assets/sprites/kenney_pixelplatformer/Characters/character_0011(2).png
  artifactKey: Guid(0a1d239f60d947441bc5048fa30ff55e) Importer(815301076,1909f56bfc062723c751e8b465ee728b)
Start importing Assets/sprites/kenney_pixelplatformer/Characters/character_0011(2).png using Guid(0a1d239f60d947441bc5048fa30ff55e) Importer(815301076,1909f56bfc062723c751e8b465ee728b)  -> (artifact id: '6a86b4c3525269fa4889c80a5700e0a9') in 0.040284 seconds
  Import took 0.052999 seconds .

========================================================================
Received Import Request.
  Time since last request: 0.005031 seconds.
  path: Assets/sprites/kenney_pixelplatformer/Characters/character_0011(2).png
  artifactKey: Guid(0a1d239f60d947441bc5048fa30ff55e) Importer(815301076,1909f56bfc062723c751e8b465ee728b)
Start importing Assets/sprites/kenney_pixelplatformer/Characters/character_0011(2).png using Guid(0a1d239f60d947441bc5048fa30ff55e) Importer(815301076,1909f56bfc062723c751e8b465ee728b)  -> (artifact id: '6a86b4c3525269fa4889c80a5700e0a9') in 0.022287 seconds
  Import took 0.036946 seconds .

========================================================================
Received Import Request.
  Time since last request: 3.546306 seconds.
  path: Assets/sprites/kenney_pixelplatformer/Characters/character_0012(2).png
  artifactKey: Guid(d9a4f9f2eb9eb32409b1292e83e861c2) Importer(815301076,1909f56bfc062723c751e8b465ee728b)
Start importing Assets/sprites/kenney_pixelplatformer/Characters/character_0012(2).png using Guid(d9a4f9f2eb9eb32409b1292e83e861c2) Importer(815301076,1909f56bfc062723c751e8b465ee728b)  -> (artifact id: '08fed446aec96b76db2c9cf6435de61d') in 0.072561 seconds
  Import took 0.085410 seconds .

========================================================================
Received Import Request.
  Time since last request: 136.573169 seconds.
  path: Assets/sprites/kenney_pixelplatformer/Characters/character_0011(2).png
  artifactKey: Guid(0a1d239f60d947441bc5048fa30ff55e) Importer(815301076,1909f56bfc062723c751e8b465ee728b)
Start importing Assets/sprites/kenney_pixelplatformer/Characters/character_0011(2).png using Guid(0a1d239f60d947441bc5048fa30ff55e) Importer(815301076,1909f56bfc062723c751e8b465ee728b)  -> (artifact id: 'c60938e9f32b92d0c80fc57797f6c385') in 0.049242 seconds
  Import took 0.063062 seconds .

========================================================================
Received Import Request.
  Time since last request: 263.551396 seconds.
  path: Assets/sprites/kenney_pixelplatformer/Characters/character_0012(2).png
  artifactKey: Guid(d9a4f9f2eb9eb32409b1292e83e861c2) Importer(815301076,1909f56bfc062723c751e8b465ee728b)
Start importing Assets/sprites/kenney_pixelplatformer/Characters/character_0012(2).png using Guid(d9a4f9f2eb9eb32409b1292e83e861c2) Importer(815301076,1909f56bfc062723c751e8b465ee728b)  -> (artifact id: 'a63694cd9bc87e1de36d65d680c60d7e') in 0.054236 seconds
  Import took 0.076297 seconds .

========================================================================
Received Import Request.
  Time since last request: 165.627534 seconds.
  path: Assets/animationsTwo/level2_vilaopeixe.anim
  artifactKey: Guid(976a05c1cdeeeb044b659e1065378635) Importer(815301076,1909f56bfc062723c751e8b465ee728b)
Start importing Assets/animationsTwo/level2_vilaopeixe.anim using Guid(976a05c1cdeeeb044b659e1065378635) Importer(815301076,1909f56bfc062723c751e8b465ee728b)  -> (artifact id: '17fef8a2f0db7fd3616116ffe29287ce') in 0.023162 seconds
  Import took 0.037638 seconds .

========================================================================
Received Import Request.
  Time since last request: 0.001905 seconds.
  path: Assets/animationsTwo/level2_vilaopeixe.anim
  artifactKey: Guid(976a05c1cdeeeb044b659e1065378635) Importer(815301076,1909f56bfc062723c751e8b465ee728b)
Start importing Assets/animationsTwo/level2_vilaopeixe.anim using Guid(976a05c1cdeeeb044b659e1065378635) Importer(815301076,1909f56bfc062723c751e8b465ee728b)  -> (artifact id: '17fef8a2f0db7fd3616116ffe29287ce') in 0.013006 seconds
  Import took 0.022669 seconds .

========================================================================
Received Import Request.
  Time since last request: 39.745877 seconds.
  path: Assets/animationsTwo/enemy-death-1.controller
  artifactKey: Guid(93a362e791a7c3a49bdb916998c59d7d) Importer(815301076,1909f56bfc062723c751e8b465ee728b)
Start importing Assets/animationsTwo/enemy-death-1.controller using Guid(93a362e791a7c3a49bdb916998c59d7d) Importer(815301076,1909f56bfc062723c751e8b465ee728b)  -> (artifact id: '31652ad4e7ecc2d9141c834f8f368232') in 0.033282 seconds
  Import took 0.047399 seconds .

========================================================================
Received Import Request.
  Time since last request: 2.366830 seconds.
  path: Assets/animationsTwo/character_0011(2).controller
  artifactKey: Guid(f72f24c09e0b80a499481783a46e993b) Importer(815301076,1909f56bfc062723c751e8b465ee728b)
Start importing Assets/animationsTwo/character_0011(2).controller using Guid(f72f24c09e0b80a499481783a46e993b) Importer(815301076,1909f56bfc062723c751e8b465ee728b)  -> (artifact id: '038a1e28fcf16c994c595874b7f8bfca') in 0.015513 seconds
  Import took 0.030438 seconds .

========================================================================
Received Prepare
Registering precompiled user dll's ...
Registered in 0.006293 seconds.
Begin MonoManager ReloadAssembly
Native extension for WindowsStandalone target not found
Refreshing native plugins compatible for Editor in 1.03 ms, found 1 plugins.
Preloading 0 native plugins for Editor in 0.00 ms.
Invoked RoslynAnalysisRunner static constructor.
RoslynAnalysisRunner will not be running.
RoslynAnalysisRunner has terminated.
Mono: successfully reloaded assembly
- Completed reload, in  4.828 seconds
Platform modules already initialized, skipping
Refreshing native plugins compatible for Editor in 2.35 ms, found 1 plugins.
Preloading 0 native plugins for Editor in 0.00 ms.
Unloading 1872 Unused Serialized files (Serialized files now loaded: 0)
System memory in use before: 91.4 MB.
System memory in use after: 91.4 MB.

Unloading 12 unused Assets to reduce memory usage. Loaded Objects now: 2553.
Total: 7.605800 ms (FindLiveObjects: 0.586500 ms CreateObjectMapping: 0.256700 ms MarkObjects: 6.407400 ms  DeleteObjects: 0.349400 ms)

========================================================================
Received Prepare
Registering precompiled user dll's ...
Registered in 0.003637 seconds.
Begin MonoManager ReloadAssembly
Native extension for WindowsStandalone target not found
Refreshing native plugins compatible for Editor in 1.41 ms, found 1 plugins.
Preloading 0 native plugins for Editor in 0.00 ms.
Invoked RoslynAnalysisRunner static constructor.
RoslynAnalysisRunner will not be running.
RoslynAnalysisRunner has terminated.
Mono: successfully reloaded assembly
- Completed reload, in  2.728 seconds
Platform modules already initialized, skipping
Refreshing native plugins compatible for Editor in 2.37 ms, found 1 plugins.
Preloading 0 native plugins for Editor in 0.00 ms.
Unloading 1872 Unused Serialized files (Serialized files now loaded: 0)
System memory in use before: 91.4 MB.
System memory in use after: 91.4 MB.

Unloading 12 unused Assets to reduce memory usage. Loaded Objects now: 2557.
Total: 7.225500 ms (FindLiveObjects: 0.532500 ms CreateObjectMapping: 0.342400 ms MarkObjects: 6.151600 ms  DeleteObjects: 0.195300 ms)

========================================================================
Received Prepare
Registering precompiled user dll's ...
Registered in 0.002354 seconds.
Begin MonoManager ReloadAssembly
Native extension for WindowsStandalone target not found
Refreshing native plugins compatible for Editor in 0.74 ms, found 1 plugins.
Preloading 0 native plugins for Editor in 0.00 ms.
Invoked RoslynAnalysisRunner static constructor.
RoslynAnalysisRunner will not be running.
RoslynAnalysisRunner has terminated.
Mono: successfully reloaded assembly
- Completed reload, in  2.394 seconds
Platform modules already initialized, skipping
Refreshing native plugins compatible for Editor in 2.64 ms, found 1 plugins.
Preloading 0 native plugins for Editor in 0.00 ms.
Unloading 1872 Unused Serialized files (Serialized files now loaded: 0)
System memory in use before: 91.4 MB.
System memory in use after: 91.4 MB.

Unloading 12 unused Assets to reduce memory usage. Loaded Objects now: 2561.
Total: 5.032400 ms (FindLiveObjects: 0.507100 ms CreateObjectMapping: 0.246700 ms MarkObjects: 4.022900 ms  DeleteObjects: 0.252200 ms)

========================================================================
Received Prepare
Registering precompiled user dll's ...
Registered in 0.003116 seconds.
Begin MonoManager ReloadAssembly
Native extension for WindowsStandalone target not found
Refreshing native plugins compatible for Editor in 0.95 ms, found 1 plugins.
Preloading 0 native plugins for Editor in 0.00 ms.
Invoked RoslynAnalysisRunner static constructor.
RoslynAnalysisRunner will not be running.
RoslynAnalysisRunner has terminated.
Mono: successfully reloaded assembly
- Completed reload, in  2.364 seconds
Platform modules already initialized, skipping
Refreshing native plugins compatible for Editor in 0.73 ms, found 1 plugins.
Preloading 0 native plugins for Editor in 0.00 ms.
Unloading 1872 Unused Serialized files (Serialized files now loaded: 0)
System memory in use before: 91.4 MB.
System memory in use after: 91.4 MB.

Unloading 12 unused Assets to reduce memory usage. Loaded Objects now: 2565.
Total: 8.330400 ms (FindLiveObjects: 0.665200 ms CreateObjectMapping: 0.437800 ms MarkObjects: 6.753400 ms  DeleteObjects: 0.466500 ms)

========================================================================
Received Prepare
Registering precompiled user dll's ...
Registered in 0.003469 seconds.
Begin MonoManager ReloadAssembly
Native extension for WindowsStandalone target not found
Refreshing native plugins compatible for Editor in 9.40 ms, found 1 plugins.
Preloading 0 native plugins for Editor in 0.00 ms.
Invoked RoslynAnalysisRunner static constructor.
RoslynAnalysisRunner will not be running.
RoslynAnalysisRunner has terminated.
Mono: successfully reloaded assembly
- Completed reload, in  6.268 seconds
Platform modules already initialized, skipping
Refreshing native plugins compatible for Editor in 2.06 ms, found 1 plugins.
Preloading 0 native plugins for Editor in 0.00 ms.
Unloading 1872 Unused Serialized files (Serialized files now loaded: 0)
System memory in use before: 91.4 MB.
System memory in use after: 91.4 MB.

Unloading 12 unused Assets to reduce memory usage. Loaded Objects now: 2569.
Total: 9.553900 ms (FindLiveObjects: 1.013400 ms CreateObjectMapping: 1.119700 ms MarkObjects: 7.027000 ms  DeleteObjects: 0.390100 ms)

========================================================================
Received Import Request.
  Time since last request: 230.523370 seconds.
  path: Assets/animationsTwo/level2_vilaopeixe.anim
  artifactKey: Guid(976a05c1cdeeeb044b659e1065378635) Importer(815301076,1909f56bfc062723c751e8b465ee728b)
Start importing Assets/animationsTwo/level2_vilaopeixe.anim using Guid(976a05c1cdeeeb044b659e1065378635) Importer(815301076,1909f56bfc062723c751e8b465ee728b)  -> (artifact id: 'ee463bfa9629d56af2a3b42a5e3d83af') in 0.078793 seconds
  Import took 0.109207 seconds .

AssetImportWorkerClient::OnTransportError - code=2 error=End of file
